components/marketplace/CatalogView.test.tsx(218,5): error TS2322: Type 'undefined' is not assignable to type 'never[]'.
contexts/TranslationContext.test.tsx(80,28): error TS2322: Type '{ children: Element; initialLocale: string; }' is not assignable to type 'IntrinsicAttributes & { children: ReactNode; }'.
  Property 'initialLocale' does not exist on type 'IntrinsicAttributes & { children: ReactNode; }'.
contexts/TranslationContext.test.tsx(115,28): error TS2322: Type '{ children: Element; initialLocale: string; }' is not assignable to type 'IntrinsicAttributes & { children: ReactNode; }'.
  Property 'initialLocale' does not exist on type 'IntrinsicAttributes & { children: ReactNode; }'.
i18n/dictionaries/__tests__/ar.test.ts(2,15): error TS2306: File '/workspaces/Fixzit/src/i18n/dictionaries/__tests__/ar.test.ts' is not a module.
i18n/useI18n.test.ts(54,19): error TS2339: Property 'error' does not exist on type '{ current: { t: (key: string, vars?: Record<string, string | number> | undefined) => string; locale: Locale; dir: "ltr" | "rtl"; dict: Record<string, unknown>; setLocale: (locale: Locale, opts?: { ...; } | undefined) => void; }; }'.
i18n/useI18n.test.ts(55,19): error TS2339: Property 'error' does not exist on type '{ current: { t: (key: string, vars?: Record<string, string | number> | undefined) => string; locale: Locale; dir: "ltr" | "rtl"; dict: Record<string, unknown>; setLocale: (locale: Locale, opts?: { ...; } | undefined) => void; }; }'.
i18n/useI18n.test.ts(190,52): error TS2769: No overload matches this call.
  The last overload gave the following error.
    Argument of type '{ children: ReactNode; }' is not assignable to parameter of type 'Attributes & { dict: Dict; } & { children?: ReactNode; }'.
      Property 'dict' is missing in type '{ children: ReactNode; }' but required in type '{ dict: Dict; }'.
providers/Providers.test.tsx(148,18): error TS2322: Type '{ children: Element; initialLocale: any; }' is not assignable to type 'IntrinsicAttributes & { children: ReactNode; }'.
  Property 'initialLocale' does not exist on type 'IntrinsicAttributes & { children: ReactNode; }'.
scripts/setup-guardrails.ts(7,20): error TS7006: Parameter 'dir' implicitly has an 'any' type.
scripts/setup-guardrails.ts(11,20): error TS7006: Parameter 'filePath' implicitly has an 'any' type.
scripts/setup-guardrails.ts(11,30): error TS7006: Parameter 'content' implicitly has an 'any' type.
server/security/idempotency.spec.ts(47,5): error TS2454: Variable 'resolveFn' is used before being assigned.
server/security/idempotency.spec.ts(82,23): error TS2352: Conversion of type 'typeof setTimeout' to type 'Mock<any, any, any>' may be a mistake because neither type sufficiently overlaps with the other. If this was intentional, convert the expression to 'unknown' first.
  Type 'typeof setTimeout' is missing the following properties from type 'Mock<any, any, any>': getMockName, mock, mockClear, mockReset, and 13 more.
server/work-orders/wo.service.test.ts(30,14): error TS2304: Cannot find name 'repo'.
server/work-orders/wo.service.test.ts(31,14): error TS2304: Cannot find name 'repo'.
server/work-orders/wo.service.test.ts(32,11): error TS2304: Cannot find name 'repo'.
server/work-orders/wo.service.test.ts(33,12): error TS2304: Cannot find name 'repo'.
server/work-orders/wo.service.test.ts(34,10): error TS2552: Cannot find name 'audit'. Did you mean 'Audio'?
src/contexts/TranslationContext.test.tsx(80,28): error TS2322: Type '{ children: Element; initialLocale: string; }' is not assignable to type 'IntrinsicAttributes & { children: ReactNode; }'.
  Property 'initialLocale' does not exist on type 'IntrinsicAttributes & { children: ReactNode; }'.
src/contexts/TranslationContext.test.tsx(115,28): error TS2322: Type '{ children: Element; initialLocale: string; }' is not assignable to type 'IntrinsicAttributes & { children: ReactNode; }'.
  Property 'initialLocale' does not exist on type 'IntrinsicAttributes & { children: ReactNode; }'.
src/db/models/Application.ts(88,23): error TS2322: Type '{ action: string; by: string; at: Date; }' is not assignable to type 'Subdocument<ObjectId, any, { at: NativeDate; action: string; by: string; details?: string | null | undefined; }> & { at: NativeDate; action: string; by: string; details?: string | ... 1 more ... | undefined; }'.
  Type '{ action: string; by: string; at: Date; }' is missing the following properties from type 'Subdocument<ObjectId, any, { at: NativeDate; action: string; by: string; details?: string | null | undefined; }>': $isSingleNested, ownerDocument, parent, $parent, and 54 more.
src/db/models/Candidate.test.ts(51,22): error TS2707: Generic type 'Mock<T>' requires between 0 and 1 type arguments.
src/db/models/Candidate.test.ts(99,36): error TS2345: Argument of type '{ id: string; orgId: string; email: string; marker: string; }[]' is not assignable to parameter of type 'never'.
src/db/models/Candidate.test.ts(117,36): error TS2345: Argument of type '{ id: string; orgId: string; email: string; marker: string; }' is not assignable to parameter of type 'never'.
src/db/models/Candidate.test.ts(140,7): error TS2739: Type 'Mock<any, any, any>' is missing the following properties from type 'Mock<UnknownFunction>': _isMockFunction, _protoImpl, [Symbol.dispose]
src/db/models/Candidate.test.ts(170,40): error TS2345: Argument of type '{ id: string; orgId: string; email: string; }' is not assignable to parameter of type 'never'.
src/i18n/useI18n.test.ts(54,19): error TS2339: Property 'error' does not exist on type '{ current: { t: (key: string, vars?: Record<string, string | number> | undefined) => string; locale: Locale; dir: "ltr" | "rtl"; dict: Record<string, unknown>; setLocale: (locale: Locale, opts?: { ...; } | undefined) => void; }; }'.
src/i18n/useI18n.test.ts(55,19): error TS2339: Property 'error' does not exist on type '{ current: { t: (key: string, vars?: Record<string, string | number> | undefined) => string; locale: Locale; dir: "ltr" | "rtl"; dict: Record<string, unknown>; setLocale: (locale: Locale, opts?: { ...; } | undefined) => void; }; }'.
src/i18n/useI18n.test.ts(190,52): error TS2769: No overload matches this call.
  The last overload gave the following error.
    Argument of type '{ children: ReactNode; }' is not assignable to parameter of type 'Attributes & { dict: Dict; } & { children?: ReactNode; }'.
      Property 'dict' is missing in type '{ children: ReactNode; }' but required in type '{ dict: Dict; }'.
src/lib/auth.test.ts(44,39): error TS2556: A spread argument must either have a tuple type or be passed to a rest parameter.
src/lib/auth.test.ts(45,43): error TS2556: A spread argument must either have a tuple type or be passed to a rest parameter.
src/lib/auth.test.ts(47,37): error TS2556: A spread argument must either have a tuple type or be passed to a rest parameter.
src/lib/auth.test.ts(48,41): error TS2556: A spread argument must either have a tuple type or be passed to a rest parameter.
src/lib/auth.test.ts(157,11): error TS2741: Property 'orgId' is missing in type '{ id: string; email: string; role: string; tenantId: string; }' but required in type 'AuthToken'.
src/lib/auth.test.ts(208,21): error TS2339: Property 'username' does not exist on type '{ id: any; email: any; name: string; role: any; orgId: any; }'.
src/providers/Providers.test.tsx(148,18): error TS2322: Type '{ children: Element; initialLocale: any; }' is not assignable to type 'IntrinsicAttributes & { children: ReactNode; }'.
  Property 'initialLocale' does not exist on type 'IntrinsicAttributes & { children: ReactNode; }'.
src/server/copilot/retrieval.ts(91,3): error TS2322: Type '{ id: string; title: string; content: string; source: string | null | undefined; score: number; }[]' is not assignable to type 'RetrievedDoc[]'.
  Type '{ id: string; title: string; content: string; source: string | null | undefined; score: number; }' is not assignable to type 'RetrievedDoc'.
    Types of property 'source' are incompatible.
      Type 'string | null | undefined' is not assignable to type 'string | undefined'.
        Type 'null' is not assignable to type 'string | undefined'.
src/server/finance/invoice.service.ts(158,25): error TS2339: Property 'number' does not exist on type '(FlattenMaps<any> & Required<{ _id: unknown; }> & { __v: number; })[] | (FlattenMaps<any> & Required<{ _id: unknown; }> & { __v: number; })'.
  Property 'number' does not exist on type '(FlattenMaps<any> & Required<{ _id: unknown; }> & { __v: number; })[]'.
src/server/models/Application.ts(88,23): error TS2322: Type '{ action: string; by: string; at: Date; }' is not assignable to type 'Subdocument<ObjectId, any, { at: NativeDate; action: string; by: string; details?: string | null | undefined; }> & { at: NativeDate; action: string; by: string; details?: string | ... 1 more ... | undefined; }'.
  Type '{ action: string; by: string; at: Date; }' is missing the following properties from type 'Subdocument<ObjectId, any, { at: NativeDate; action: string; by: string; details?: string | null | undefined; }>': $isSingleNested, ownerDocument, parent, $parent, and 54 more.
src/server/security/idempotency.spec.ts(47,5): error TS2454: Variable 'resolveFn' is used before being assigned.
src/server/security/idempotency.spec.ts(82,23): error TS2352: Conversion of type 'typeof setTimeout' to type 'Mock<any, any, any>' may be a mistake because neither type sufficiently overlaps with the other. If this was intentional, convert the expression to 'unknown' first.
  Type 'typeof setTimeout' is missing the following properties from type 'Mock<any, any, any>': getMockName, mock, mockClear, mockReset, and 13 more.
src/server/work-orders/wo.service.test.ts(30,14): error TS2304: Cannot find name 'repo'.
src/server/work-orders/wo.service.test.ts(31,14): error TS2304: Cannot find name 'repo'.
src/server/work-orders/wo.service.test.ts(32,11): error TS2304: Cannot find name 'repo'.
src/server/work-orders/wo.service.test.ts(33,12): error TS2304: Cannot find name 'repo'.
src/server/work-orders/wo.service.test.ts(34,10): error TS2552: Cannot find name 'audit'. Did you mean 'Audio'?
